[2020-04-15T10:16:04.058] [DEBUG] cheese - login => username:zhangsan
,password:123456
[2020-04-15T10:16:04.060] [DEBUG] cheese - zhangsan

[2020-04-15T10:16:04.066] [DEBUG] cheese - null
[2020-04-15T10:16:04.067] [DEBUG] cheese - null
[2020-04-15T10:16:27.080] [DEBUG] cheese - login => username:admin
,password:123456
[2020-04-15T10:16:27.080] [DEBUG] cheese - admin

[2020-04-15T10:16:27.083] [DEBUG] cheese - null
[2020-04-15T10:16:27.083] [DEBUG] cheese - null
[2020-04-15T10:16:39.898] [DEBUG] cheese - login => username:admin
,password:123456
[2020-04-15T10:16:39.898] [DEBUG] cheese - admin

[2020-04-15T10:16:39.899] [DEBUG] cheese - null
[2020-04-15T10:16:39.899] [DEBUG] cheese - null
[2020-04-15T10:17:47.767] [DEBUG] cheese - login => username:admin
,password:1234
[2020-04-15T10:17:47.767] [DEBUG] cheese - admin

[2020-04-15T10:17:47.768] [DEBUG] cheese - null
[2020-04-15T10:17:47.768] [DEBUG] cheese - null
[2020-04-15T10:17:51.539] [DEBUG] cheese - login => username:admin
,password:123456
[2020-04-15T10:17:51.539] [DEBUG] cheese - admin

[2020-04-15T10:17:51.541] [DEBUG] cheese - null
[2020-04-15T10:17:51.541] [DEBUG] cheese - null
[2020-04-15T10:19:40.642] [DEBUG] cheese - login => username:admin,password:123456
[2020-04-15T10:19:40.642] [DEBUG] cheese - admin
[2020-04-15T10:19:40.647] [DEBUG] cheese - null
[2020-04-15T10:19:40.647] [DEBUG] cheese - null
[2020-04-15T11:10:29.640] [DEBUG] cheese - login => username:admin,password:123456
[2020-04-15T11:10:29.640] [DEBUG] cheese - admin
[2020-04-15T11:10:29.727] [DEBUG] cheese - null
[2020-04-15T11:10:29.727] [DEBUG] cheese - null
[2020-04-15T12:33:19.218] [DEBUG] cheese - login => username:admin,password:123456
[2020-04-15T12:33:19.218] [DEBUG] cheese - admin
[2020-04-15T12:33:19.229] [DEBUG] cheese - null
[2020-04-15T12:33:19.229] [DEBUG] cheese - null
[2020-04-15T13:32:09.796] [DEBUG] cheese - login => username:admin,password:123456
[2020-04-15T13:32:09.796] [DEBUG] cheese - admin
[2020-04-15T13:32:09.801] [DEBUG] cheese - null
[2020-04-15T13:32:09.801] [DEBUG] cheese - null
[2020-04-15T15:23:26.351] [DEBUG] cheese - login => username:admin,password:123456
[2020-04-15T15:23:26.353] [DEBUG] cheese - admin
[2020-04-15T15:23:26.610] [DEBUG] cheese - null
[2020-04-15T15:23:26.610] [DEBUG] cheese - null
[2020-04-15T15:53:25.527] [DEBUG] cheese - login => username:admin,password:123456
[2020-04-15T15:53:25.527] [DEBUG] cheese - admin
[2020-04-15T15:53:25.739] [DEBUG] cheese - null
[2020-04-15T15:53:25.760] [DEBUG] cheese - null
[2020-04-15T20:56:03.862] [DEBUG] cheese - login => username:admin,password:123456
[2020-04-15T20:56:03.864] [DEBUG] cheese - admin
[2020-04-15T20:56:03.873] [DEBUG] cheese - null
[2020-04-15T20:56:03.873] [DEBUG] cheese - null
[2020-04-17T10:25:26.429] [DEBUG] cheese - login => username:admin,password:123456
[2020-04-17T10:25:26.431] [DEBUG] cheese - admin
[2020-04-17T10:25:26.674] [DEBUG] cheese - null
[2020-04-17T10:25:26.674] [DEBUG] cheese - null
[2020-04-17T10:35:41.999] [DEBUG] cheese - login => username:admin,password:123456
[2020-04-17T10:35:41.999] [DEBUG] cheese - admin
[2020-04-17T10:35:42.004] [DEBUG] cheese - null
[2020-04-17T10:35:42.005] [DEBUG] cheese - null
